<?xml version="1.0" encoding="UTF-8"?>
<testng-results skipped="0" failed="0" total="1" passed="1">
  <reporter-output>
  </reporter-output>
  <suite name="Default suite" duration-ms="16710" started-at="2022-02-03T16:54:40Z" finished-at="2022-02-03T16:54:56Z">
    <groups>
    </groups>
    <test name="Default test" duration-ms="16710" started-at="2022-02-03T16:54:40Z" finished-at="2022-02-03T16:54:56Z">
      <class name="testCases.ProfileTest">
        <test-method status="PASS" signature="ProfileTest1()[pri:0, instance:testCases.ProfileTest@589838eb]" name="ProfileTest1" duration-ms="16693" started-at="2022-02-03T11:54:40Z" finished-at="2022-02-03T11:54:56Z">
          <reporter-output>
          </reporter-output>
        </test-method> <!-- ProfileTest1 -->
      </class> <!-- testCases.ProfileTest -->
    </test> <!-- Default test -->
  </suite> <!-- Default suite -->
</testng-results>
